2025/03/26 11:41:51 server.go:27: Starting server on :8080
2025/03/26 11:43:02 auth_controller.go:33: sorry, this email does not exist
2025/03/26 11:43:19 auth_controller.go:100: invalid first name
2025/03/26 13:17:41 server.go:27: Starting server on :8080
2025/03/26 13:19:24 user_repo.go:33: <nil>
2025/03/26 13:19:24 auth_controller.go:36: other_other
2025/03/26 13:30:33 user_repo.go:33: <nil>
2025/03/26 13:30:33 auth_controller.go:36: other_other
2025/03/26 14:12:39 user_repo.go:33: <nil>
2025/03/26 14:12:39 auth_controller.go:36: other_other
2025/03/26 14:16:17 server.go:27: Starting server on :8080
2025/03/26 14:16:21 user_profile.go:14: Get Created Posts: near "OR": syntax error
2025/03/26 14:18:39 server.go:27: Starting server on :8080
2025/03/26 14:18:43 user_profile.go:14: Get Created Posts: no such column: pv.user_id
2025/03/26 14:18:45 user_profile.go:14: Get Created Posts: no such column: pv.user_id
2025/03/26 14:18:46 user_profile.go:14: Get Created Posts: no such column: pv.user_id
2025/03/26 14:19:04 server.go:27: Starting server on :8080
2025/03/26 14:19:44 server.go:27: Starting server on :8080
2025/03/26 14:51:10 user_repo.go:33: <nil>
2025/03/26 14:51:10 auth_controller.go:36: other_other
2025/03/26 14:54:00 server.go:27: Starting server on :8080
2025/03/26 14:55:37 server.go:27: Starting server on :8080
2025/03/27 06:47:58 server.go:27: Starting server on :8080
2025/03/27 06:59:07 auth_controller.go:100: invalid nickname
2025/03/27 06:59:16 auth_controller.go:33: sorry, this email does not exist
2025/03/27 06:59:25 auth_controller.go:33: sorry, this email does not exist
2025/03/27 06:59:36 auth_controller.go:100: invalid nickname
2025/03/27 07:03:04 auth_controller.go:33: sorry, this email does not exist
2025/03/27 07:03:36 user_profile_controller.go:116: sql: Scan error on column index 5, name "status": converting NULL to string is unsupported
2025/03/27 07:06:52 user_repo.go:33: <nil>
2025/03/27 07:06:52 auth_controller.go:36: soso
2025/03/27 07:07:18 user_repo.go:33: <nil>
2025/03/27 07:07:19 auth_controller.go:36: soso
2025/03/27 08:29:47 posts_controller.go:57: validating post: post content cannot be empty
2025/03/27 08:29:56 posts_controller.go:57: creating post in db:no such table: privete_members
2025/03/27 08:31:53 posts_controller.go:57: creating post in db:no such table: privete_members
2025/03/28 12:24:32 server.go:27: Starting server on :8080
2025/03/28 12:25:53 user_repo.go:33: <nil>
2025/03/28 12:25:53 auth_controller.go:114: adding user to db: email already exist
2025/03/28 12:26:12 user_repo.go:33: <nil>
2025/03/28 12:26:12 auth_controller.go:36: soufianAl
2025/03/28 12:26:13 user_repo.go:33: <nil>
2025/03/28 12:26:13 auth_controller.go:36: soufianAl
2025/03/28 12:27:09 posts_controller.go:57: creating post in db:no such table: privete_members
2025/03/28 12:29:08 server.go:27: Starting server on :8080
2025/03/28 12:30:13 user_repo.go:33: <nil>
2025/03/28 12:30:13 auth_controller.go:36: soufianAl
2025/03/28 12:30:37 user_repo.go:33: <nil>
2025/03/28 12:30:37 auth_controller.go:36: soso
2025/04/03 11:28:44 server.go:27: Starting server on :8080
2025/04/03 11:28:49 user_repo.go:33: <nil>
2025/04/03 11:28:49 auth_controller.go:36: omar519
2025/04/10 10:58:24 server.go:27: Starting server on :8080
2025/04/10 10:58:38 user_repo.go:33: <nil>
2025/04/10 10:58:38 auth_controller.go:36: omar519
2025/04/10 11:03:46 user_repo.go:33: <nil>
2025/04/10 11:03:46 auth_controller.go:36: omar519
2025/04/10 11:07:29 server.go:27: Starting server on :8080
2025/04/10 11:08:07 server.go:27: Starting server on :8080
2025/04/10 11:09:18 server.go:27: Starting server on :8080
2025/04/10 11:09:30 server.go:27: Starting server on :8080
2025/04/10 11:11:22 server.go:27: Starting server on :8080
2025/04/10 11:12:14 server.go:27: Starting server on :8080
2025/04/10 11:13:22 server.go:27: Starting server on :8080
2025/04/10 11:13:34 user_repo.go:33: <nil>
2025/04/10 11:13:34 auth_controller.go:36: omar519
2025/04/10 11:13:54 user_repo.go:33: <nil>
2025/04/10 11:13:54 auth_controller.go:114: adding user to db: email already exist
2025/04/10 11:14:43 server.go:27: Starting server on :8080
2025/04/10 11:14:57 user_repo.go:33: <nil>
2025/04/10 11:14:57 auth_controller.go:36: rharbi442
2025/04/10 11:15:03 user_repo.go:33: <nil>
2025/04/10 11:15:03 auth_controller.go:36: rharbi442
2025/04/10 11:18:24 server.go:27: Starting server on :8080
2025/04/10 11:18:38 user_repo.go:33: <nil>
2025/04/10 11:18:38 auth_controller.go:36: rharbi442
2025/04/10 11:18:47 user_repo.go:33: <nil>
2025/04/10 11:18:47 auth_controller.go:36: rharbi442
2025/04/10 11:18:55 user_repo.go:33: <nil>
2025/04/10 11:18:55 auth_controller.go:36: rharbi442
2025/04/10 11:19:13 server.go:27: Starting server on :8080
2025/04/10 11:19:16 user_repo.go:33: <nil>
2025/04/10 11:19:16 auth_controller.go:36: rharbi442
2025/04/10 11:21:06 user_repo.go:33: <nil>
2025/04/10 11:21:06 auth_controller.go:36: omar519
2025/04/10 11:21:19 user_repo.go:33: <nil>
2025/04/10 11:21:19 auth_controller.go:36: rharbi442
2025/04/10 11:21:52 user_repo.go:33: <nil>
2025/04/10 11:21:52 auth_controller.go:36: rharbi442
2025/04/10 11:22:13 user_repo.go:33: <nil>
2025/04/10 11:22:13 auth_controller.go:36: rharbi442
2025/04/10 11:23:23 user_repo.go:33: <nil>
2025/04/10 11:23:23 auth_controller.go:36: rharbi442
2025/04/10 11:27:55 server.go:27: Starting server on :8080
2025/04/10 11:28:02 user_repo.go:33: <nil>
2025/04/10 11:28:02 auth_controller.go:36: rharbi442
2025/04/10 11:29:28 server.go:27: Starting server on :8080
2025/04/10 11:29:34 user_repo.go:33: <nil>
2025/04/10 11:29:34 auth_controller.go:36: rharbi442
2025/04/10 11:31:18 server.go:27: Starting server on :8080
2025/04/10 11:31:32 user_repo.go:33: <nil>
2025/04/10 11:31:32 auth_controller.go:36: rharbi442
2025/04/10 11:33:40 server.go:27: Starting server on :8080
2025/04/10 11:34:19 user_repo.go:33: <nil>
2025/04/10 11:34:19 auth_controller.go:36: rharbi442
2025/04/10 11:39:41 server.go:27: Starting server on :8080
2025/04/10 11:39:49 user_repo.go:33: <nil>
2025/04/10 11:39:49 auth_controller.go:36: rharbi442
2025/04/10 11:39:53 user_repo.go:33: <nil>
2025/04/10 11:39:53 auth_controller.go:36: rharbi442
2025/04/10 11:40:13 user_repo.go:33: <nil>
2025/04/10 11:40:13 auth_controller.go:36: omar519
2025/04/10 11:40:15 user_repo.go:33: <nil>
2025/04/10 11:40:15 auth_controller.go:36: omar519
2025/04/10 11:40:27 server.go:27: Starting server on :8080
2025/04/10 11:40:30 user_repo.go:33: <nil>
2025/04/10 11:40:30 auth_controller.go:36: omar519
2025/04/10 11:41:13 user_repo.go:33: <nil>
2025/04/10 11:41:13 auth_controller.go:36: rharbi442
2025/04/10 11:41:20 user_repo.go:33: <nil>
2025/04/10 11:41:20 auth_controller.go:36: rharbi442
2025/04/10 11:44:03 server.go:27: Starting server on :8080
2025/04/10 11:44:11 user_repo.go:33: <nil>
2025/04/10 11:44:11 auth_controller.go:36: rharbi442
2025/04/10 11:44:16 user_repo.go:33: <nil>
2025/04/10 11:44:16 auth_controller.go:36: rharbi442
2025/04/10 11:47:30 user_repo.go:33: <nil>
2025/04/10 11:47:30 auth_controller.go:36: rharbi442
2025/04/10 11:49:30 server.go:27: Starting server on :8080
2025/04/10 11:49:37 user_repo.go:33: <nil>
2025/04/10 11:49:37 auth_controller.go:36: omar519
2025/04/10 11:49:59 server.go:27: Starting server on :8080
2025/04/10 11:51:20 user_profile_controller.go:116: sql: Scan error on column index 5, name "status": converting NULL to string is unsupported
2025/04/10 11:51:20 user_profile_controller.go:116: sql: Scan error on column index 5, name "status": converting NULL to string is unsupported
2025/04/10 11:54:07 server.go:27: Starting server on :8080
2025/04/10 11:54:55 server.go:27: Starting server on :8080
2025/04/10 11:55:00 user_profile_repo.go:275: near ",": syntax error
2025/04/10 11:55:00 user_profile_controller.go:116: near ",": syntax error
2025/04/10 11:55:00 user_profile_repo.go:275: near ",": syntax error
2025/04/10 11:55:00 user_profile_controller.go:116: near ",": syntax error
2025/04/10 11:55:55 server.go:27: Starting server on :8080
